  main.cpp
C:\Users\Эмир\Desktop\Programming\Lab\02\c++\main\main.cpp(1,10): warning C4067: непредвиденные лексемы за директивой препроцессора, требуется newline
C:\Users\Эмир\Desktop\Programming\Lab\02\c++\main\Webhooks.h(1,1): warning C4828: Файл содержит знак, начинающийся со смещения 0x505, который является недопустимым в текущей исходной кодировке (кодовая страница 65001).
C:\Users\Эмир\Desktop\Programming\Lab\02\c++\main\Webhooks.h(1,1): warning C4828: Файл содержит знак, начинающийся со смещения 0x507, который является недопустимым в текущей исходной кодировке (кодовая страница 65001).
C:\Users\Эмир\Desktop\Programming\Lab\02\c++\main\Webhooks.h(1,1): warning C4828: Файл содержит знак, начинающийся со смещения 0x50a, который является недопустимым в текущей исходной кодировке (кодовая страница 65001).
C:\Users\Эмир\Desktop\Programming\Lab\02\c++\main\Webhooks.h(1,1): warning C4828: Файл содержит знак, начинающийся со смещения 0x50d, который является недопустимым в текущей исходной кодировке (кодовая страница 65001).
C:\Users\Эмир\Desktop\Programming\Lab\02\c++\main\Webhooks.h(1,1): warning C4828: Файл содержит знак, начинающийся со смещения 0x510, который является недопустимым в текущей исходной кодировке (кодовая страница 65001).
C:\Users\Эмир\Desktop\Programming\Lab\02\c++\main\Webhooks.h(1,1): warning C4828: Файл содержит знак, начинающийся со смещения 0x515, который является недопустимым в текущей исходной кодировке (кодовая страница 65001).
C:\Users\Эмир\Desktop\Programming\Lab\02\c++\main\Webhooks.h(1,1): warning C4828: Файл содержит знак, начинающийся со смещения 0x563, который является недопустимым в текущей исходной кодировке (кодовая страница 65001).
C:\Users\Эмир\Desktop\Programming\Lab\02\c++\main\Webhooks.h(1,1): warning C4828: Файл содержит знак, начинающийся со смещения 0x565, который является недопустимым в текущей исходной кодировке (кодовая страница 65001).
C:\Users\Эмир\Desktop\Programming\Lab\02\c++\main\Webhooks.h(1,1): warning C4828: Файл содержит знак, начинающийся со смещения 0x568, который является недопустимым в текущей исходной кодировке (кодовая страница 65001).
C:\Users\Эмир\Desktop\Programming\Lab\02\c++\main\Webhooks.h(1,1): warning C4828: Файл содержит знак, начинающийся со смещения 0x619, который является недопустимым в текущей исходной кодировке (кодовая страница 65001).
C:\Users\Эмир\Desktop\Programming\Lab\02\c++\main\Webhooks.h(1,1): warning C4828: Файл содержит знак, начинающийся со смещения 0x61c, который является недопустимым в текущей исходной кодировке (кодовая страница 65001).
C:\Users\Эмир\Desktop\Programming\Lab\02\c++\main\Webhooks.h(1,1): warning C4828: Файл содержит знак, начинающийся со смещения 0x61f, который является недопустимым в текущей исходной кодировке (кодовая страница 65001).
C:\Users\Эмир\Desktop\Programming\Lab\02\c++\main\Webhooks.h(1,1): warning C4828: Файл содержит знак, начинающийся со смещения 0x623, который является недопустимым в текущей исходной кодировке (кодовая страница 65001).
C:\Users\Эмир\Desktop\Programming\Lab\02\c++\main\Webhooks.h(1,1): warning C4828: Файл содержит знак, начинающийся со смещения 0x628, который является недопустимым в текущей исходной кодировке (кодовая страница 65001).
C:\Users\Эмир\Desktop\Programming\Lab\02\c++\main\Webhooks.h(1,1): warning C4828: Файл содержит знак, начинающийся со смещения 0x62c, который является недопустимым в текущей исходной кодировке (кодовая страница 65001).
C:\Users\Эмир\Desktop\Programming\Lab\02\c++\main\Webhooks.h(1,1): warning C4828: Файл содержит знак, начинающийся со смещения 0x62f, который является недопустимым в текущей исходной кодировке (кодовая страница 65001).
C:\Users\Эмир\Desktop\Programming\Lab\02\c++\main\Webhooks.h(1,1): warning C4828: Файл содержит знак, начинающийся со смещения 0x632, который является недопустимым в текущей исходной кодировке (кодовая страница 65001).
C:\Users\Эмир\Desktop\Programming\Lab\02\c++\main\Webhooks.h(1,1): warning C4828: Файл содержит знак, начинающийся со смещения 0x633, который является недопустимым в текущей исходной кодировке (кодовая страница 65001).
C:\Users\Эмир\Desktop\Programming\Lab\02\c++\main\main.cpp(59,49): warning C4267: инициализация: преобразование из "size_t" в "int"; возможна потеря данных
  main.vcxproj -> C:\Users\Эмир\Desktop\Programming\Lab\02\c++\x64\Debug\main.exe
