LINK : warning LNK4075: не учитывается "/INCREMENTAL" из-за спецификации "/LTCG"
sfml-network-s.lib(Socket.cpp.obj) : error LNK2001: неразрешенный внешний символ __imp_setsockopt.
sfml-network-s.lib(Socket.cpp.obj) : error LNK2001: неразрешенный внешний символ __imp_socket.
sfml-network-s.lib(IpAddress.cpp.obj) : error LNK2001: неразрешенный внешний символ __imp_socket.
sfml-network-s.lib(IpAddress.cpp.obj) : error LNK2001: неразрешенный внешний символ __imp_connect.
sfml-network-s.lib(TcpSocket.cpp.obj) : error LNK2001: неразрешенный внешний символ __imp_connect.
sfml-network-s.lib(IpAddress.cpp.obj) : error LNK2001: неразрешенный внешний символ __imp_getsockname.
sfml-network-s.lib(TcpListener.cpp.obj) : error LNK2001: неразрешенный внешний символ __imp_getsockname.
sfml-network-s.lib(TcpSocket.cpp.obj) : error LNK2001: неразрешенный внешний символ __imp_getsockname.
sfml-network-s.lib(IpAddress.cpp.obj) : error LNK2001: неразрешенный внешний символ __imp_htonl.
sfml-network-s.lib(Packet.cpp.obj) : error LNK2001: неразрешенный внешний символ __imp_htonl.
sfml-network-s.lib(TcpSocket.cpp.obj) : error LNK2001: неразрешенный внешний символ __imp_htonl.
sfml-network-s.lib(SocketImpl.cpp.obj) : error LNK2001: неразрешенный внешний символ __imp_htonl.
sfml-network-s.lib(IpAddress.cpp.obj) : error LNK2001: неразрешенный внешний символ __imp_inet_addr.
sfml-network-s.lib(IpAddress.cpp.obj) : error LNK2001: неразрешенный внешний символ __imp_inet_ntoa.
sfml-network-s.lib(IpAddress.cpp.obj) : error LNK2001: неразрешенный внешний символ __imp_ntohl.
sfml-network-s.lib(Packet.cpp.obj) : error LNK2001: неразрешенный внешний символ __imp_ntohl.
sfml-network-s.lib(TcpSocket.cpp.obj) : error LNK2001: неразрешенный внешний символ __imp_ntohl.
sfml-network-s.lib(IpAddress.cpp.obj) : error LNK2001: неразрешенный внешний символ __imp_getaddrinfo.
sfml-network-s.lib(IpAddress.cpp.obj) : error LNK2001: неразрешенный внешний символ __imp_freeaddrinfo.
sfml-network-s.lib(TcpListener.cpp.obj) : error LNK2001: неразрешенный внешний символ __imp_accept.
sfml-network-s.lib(TcpListener.cpp.obj) : error LNK2001: неразрешенный внешний символ __imp_bind.
sfml-network-s.lib(TcpListener.cpp.obj) : error LNK2001: неразрешенный внешний символ __imp_listen.
sfml-network-s.lib(TcpListener.cpp.obj) : error LNK2001: неразрешенный внешний символ __imp_ntohs.
sfml-network-s.lib(Packet.cpp.obj) : error LNK2001: неразрешенный внешний символ __imp_ntohs.
sfml-network-s.lib(TcpSocket.cpp.obj) : error LNK2001: неразрешенный внешний символ __imp_ntohs.
sfml-network-s.lib(Packet.cpp.obj) : error LNK2001: неразрешенный внешний символ __imp_htons.
sfml-network-s.lib(SocketImpl.cpp.obj) : error LNK2001: неразрешенный внешний символ __imp_htons.
sfml-network-s.lib(TcpSocket.cpp.obj) : error LNK2001: неразрешенный внешний символ __imp_getpeername.
sfml-network-s.lib(TcpSocket.cpp.obj) : error LNK2001: неразрешенный внешний символ __imp_recv.
sfml-network-s.lib(TcpSocket.cpp.obj) : error LNK2001: неразрешенный внешний символ __imp_select.
sfml-network-s.lib(SocketSelector.cpp.obj) : error LNK2001: неразрешенный внешний символ __imp_select.
sfml-network-s.lib(TcpSocket.cpp.obj) : error LNK2001: неразрешенный внешний символ __imp_send.
sfml-network-s.lib(SocketSelector.cpp.obj) : error LNK2001: неразрешенный внешний символ __WSAFDIsSet.
sfml-network-s.lib(SocketImpl.cpp.obj) : error LNK2001: неразрешенный внешний символ __imp_closesocket.
sfml-network-s.lib(SocketImpl.cpp.obj) : error LNK2001: неразрешенный внешний символ __imp_ioctlsocket.
sfml-network-s.lib(SocketImpl.cpp.obj) : error LNK2001: неразрешенный внешний символ __imp_WSAStartup.
sfml-network-s.lib(SocketImpl.cpp.obj) : error LNK2001: неразрешенный внешний символ __imp_WSACleanup.
sfml-network-s.lib(SocketImpl.cpp.obj) : error LNK2001: неразрешенный внешний символ __imp_WSAGetLastError.
sfml-graphics-s.lib(Texture.cpp.obj) : error LNK2001: неразрешенный внешний символ glFlush.
sfml-graphics-s.lib(Shader.cpp.obj) : error LNK2001: неразрешенный внешний символ glFlush.
sfml-graphics-s.lib(RenderTextureImplFBO.cpp.obj) : error LNK2001: неразрешенный внешний символ glGetIntegerv.
sfml-graphics-s.lib(Texture.cpp.obj) : error LNK2001: неразрешенный внешний символ glGetIntegerv.
sfml-graphics-s.lib(GLExtensions.cpp.obj) : error LNK2001: неразрешенный внешний символ glGetIntegerv.
sfml-graphics-s.lib(TextureSaver.cpp.obj) : error LNK2001: неразрешенный внешний символ glGetIntegerv.
sfml-graphics-s.lib(Shader.cpp.obj) : error LNK2001: неразрешенный внешний символ glGetIntegerv.
sfml-graphics-s.lib(Texture.cpp.obj) : error LNK2001: неразрешенный внешний символ glGetTexImage.
sfml-graphics-s.lib(Texture.cpp.obj) : error LNK2001: неразрешенный внешний символ glLoadIdentity.
sfml-graphics-s.lib(RenderTarget.cpp.obj) : error LNK2001: неразрешенный внешний символ glLoadIdentity.
sfml-graphics-s.lib(Texture.cpp.obj) : error LNK2001: неразрешенный внешний символ glLoadMatrixf.
sfml-graphics-s.lib(RenderTarget.cpp.obj) : error LNK2001: неразрешенный внешний символ glLoadMatrixf.
sfml-graphics-s.lib(Texture.cpp.obj) : error LNK2001: неразрешенный внешний символ glMatrixMode.
sfml-graphics-s.lib(RenderTarget.cpp.obj) : error LNK2001: неразрешенный внешний символ glMatrixMode.
sfml-graphics-s.lib(Texture.cpp.obj) : error LNK2001: неразрешенный внешний символ glTexImage2D.
sfml-graphics-s.lib(Texture.cpp.obj) : error LNK2001: неразрешенный внешний символ glTexParameteri.
sfml-graphics-s.lib(Texture.cpp.obj) : error LNK2001: неразрешенный внешний символ glBindTexture.
sfml-graphics-s.lib(TextureSaver.cpp.obj) : error LNK2001: неразрешенный внешний символ glBindTexture.
sfml-graphics-s.lib(Texture.cpp.obj) : error LNK2001: неразрешенный внешний символ glCopyTexSubImage2D.
sfml-graphics-s.lib(Texture.cpp.obj) : error LNK2001: неразрешенный внешний символ glDeleteTextures.
sfml-graphics-s.lib(Texture.cpp.obj) : error LNK2001: неразрешенный внешний символ glGenTextures.
sfml-graphics-s.lib(Texture.cpp.obj) : error LNK2001: неразрешенный внешний символ glTexSubImage2D.
sfml-graphics-s.lib(Font.cpp.obj) : error LNK2001: неразрешенный внешний символ FT_Init_FreeType.
sfml-graphics-s.lib(Font.cpp.obj) : error LNK2001: неразрешенный внешний символ FT_Done_FreeType.
sfml-graphics-s.lib(Font.cpp.obj) : error LNK2001: неразрешенный внешний символ FT_New_Face.
sfml-graphics-s.lib(Font.cpp.obj) : error LNK2001: неразрешенный внешний символ FT_New_Memory_Face.
sfml-graphics-s.lib(Font.cpp.obj) : error LNK2001: неразрешенный внешний символ FT_Open_Face.
sfml-graphics-s.lib(Font.cpp.obj) : error LNK2001: неразрешенный внешний символ FT_Done_Face.
sfml-graphics-s.lib(Font.cpp.obj) : error LNK2001: неразрешенный внешний символ FT_Set_Pixel_Sizes.
sfml-graphics-s.lib(Font.cpp.obj) : error LNK2001: неразрешенный внешний символ FT_Load_Char.
sfml-graphics-s.lib(Font.cpp.obj) : error LNK2001: неразрешенный внешний символ FT_Get_Kerning.
sfml-graphics-s.lib(Font.cpp.obj) : error LNK2001: неразрешенный внешний символ FT_Select_Charmap.
sfml-graphics-s.lib(Font.cpp.obj) : error LNK2001: неразрешенный внешний символ FT_Get_Char_Index.
sfml-graphics-s.lib(Font.cpp.obj) : error LNK2001: неразрешенный внешний символ FT_MulFix.
sfml-graphics-s.lib(Font.cpp.obj) : error LNK2001: неразрешенный внешний символ FT_Get_Glyph.
sfml-graphics-s.lib(Font.cpp.obj) : error LNK2001: неразрешенный внешний символ FT_Glyph_To_Bitmap.
sfml-graphics-s.lib(Font.cpp.obj) : error LNK2001: неразрешенный внешний символ FT_Done_Glyph.
sfml-graphics-s.lib(Font.cpp.obj) : error LNK2001: неразрешенный внешний символ FT_Outline_Embolden.
sfml-graphics-s.lib(Font.cpp.obj) : error LNK2001: неразрешенный внешний символ FT_Bitmap_Embolden.
sfml-graphics-s.lib(Font.cpp.obj) : error LNK2001: неразрешенный внешний символ FT_Stroker_New.
sfml-graphics-s.lib(Font.cpp.obj) : error LNK2001: неразрешенный внешний символ FT_Stroker_Set.
sfml-graphics-s.lib(Font.cpp.obj) : error LNK2001: неразрешенный внешний символ FT_Stroker_Done.
sfml-graphics-s.lib(Font.cpp.obj) : error LNK2001: неразрешенный внешний символ FT_Glyph_Stroke.
sfml-graphics-s.lib(RenderTarget.cpp.obj) : error LNK2001: неразрешенный внешний символ glBlendFunc.
sfml-graphics-s.lib(RenderTarget.cpp.obj) : error LNK2001: неразрешенный внешний символ glClear.
sfml-graphics-s.lib(RenderTarget.cpp.obj) : error LNK2001: неразрешенный внешний символ glClearColor.
sfml-graphics-s.lib(RenderTarget.cpp.obj) : error LNK2001: неразрешенный внешний символ glDisable.
sfml-graphics-s.lib(RenderTarget.cpp.obj) : error LNK2001: неразрешенный внешний символ glEnable.
sfml-graphics-s.lib(RenderTarget.cpp.obj) : error LNK2001: неразрешенный внешний символ glPopAttrib.
sfml-graphics-s.lib(RenderTarget.cpp.obj) : error LNK2001: неразрешенный внешний символ glPopMatrix.
sfml-graphics-s.lib(RenderTarget.cpp.obj) : error LNK2001: неразрешенный внешний символ glPushAttrib.
sfml-graphics-s.lib(RenderTarget.cpp.obj) : error LNK2001: неразрешенный внешний символ glPushMatrix.
sfml-graphics-s.lib(RenderTarget.cpp.obj) : error LNK2001: неразрешенный внешний символ glViewport.
sfml-graphics-s.lib(RenderTarget.cpp.obj) : error LNK2001: неразрешенный внешний символ glColorPointer.
sfml-graphics-s.lib(RenderTarget.cpp.obj) : error LNK2001: неразрешенный внешний символ glDisableClientState.
sfml-graphics-s.lib(RenderTarget.cpp.obj) : error LNK2001: неразрешенный внешний символ glDrawArrays.
sfml-graphics-s.lib(RenderTarget.cpp.obj) : error LNK2001: неразрешенный внешний символ glEnableClientState.
sfml-graphics-s.lib(RenderTarget.cpp.obj) : error LNK2001: неразрешенный внешний символ glPopClientAttrib.
sfml-graphics-s.lib(RenderTarget.cpp.obj) : error LNK2001: неразрешенный внешний символ glPushClientAttrib.
sfml-graphics-s.lib(RenderTarget.cpp.obj) : error LNK2001: неразрешенный внешний символ glTexCoordPointer.
sfml-graphics-s.lib(RenderTarget.cpp.obj) : error LNK2001: неразрешенный внешний символ glVertexPointer.
sfml-graphics-s.lib(GLExtensions.cpp.obj) : error LNK2001: неразрешенный внешний символ glGetError.
sfml-graphics-s.lib(GLExtensions.cpp.obj) : error LNK2001: неразрешенный внешний символ glGetString.
sfml-window-s.lib(GlContext.cpp.obj) : error LNK2001: неразрешенный внешний символ __imp_glEnable.
sfml-window-s.lib(GlContext.cpp.obj) : error LNK2001: неразрешенный внешний символ __imp_glGetError.
sfml-window-s.lib(GlContext.cpp.obj) : error LNK2001: неразрешенный внешний символ __imp_glGetIntegerv.
sfml-window-s.lib(GlContext.cpp.obj) : error LNK2001: неразрешенный внешний символ __imp_glGetString.
sfml-window-s.lib(GlContext.cpp.obj) : error LNK2001: неразрешенный внешний символ __imp_glIsEnabled.
sfml-window-s.lib(WglContext.cpp.obj) : error LNK2001: неразрешенный внешний символ __imp_wglCreateContext.
sfml-window-s.lib(WglContext.cpp.obj) : error LNK2001: неразрешенный внешний символ __imp_wglDeleteContext.
sfml-window-s.lib(WglContext.cpp.obj) : error LNK2001: неразрешенный внешний символ __imp_wglGetProcAddress.
sfml-window-s.lib(WglContext.cpp.obj) : error LNK2001: неразрешенный внешний символ __imp_wglMakeCurrent.
sfml-window-s.lib(WglContext.cpp.obj) : error LNK2001: неразрешенный внешний символ __imp_wglShareLists.
sfml-window-s.lib(JoystickImpl.cpp.obj) : error LNK2001: неразрешенный внешний символ __imp_joyGetPosEx.
sfml-window-s.lib(JoystickImpl.cpp.obj) : error LNK2001: неразрешенный внешний символ __imp_joyGetDevCapsW.
sfml-system-s.lib(SleepImpl.cpp.obj) : error LNK2001: неразрешенный внешний символ __imp_timeGetDevCaps.
sfml-system-s.lib(SleepImpl.cpp.obj) : error LNK2001: неразрешенный внешний символ __imp_timeBeginPeriod.
sfml-system-s.lib(SleepImpl.cpp.obj) : error LNK2001: неразрешенный внешний символ __imp_timeEndPeriod.
C:\Users\Osbarn\Documents\Atom\Cpp\ChessSockets\Chess4\x64\Release\Chess4.exe : fatal error LNK1120: неразрешенных внешних элементов: 94
