  Chess.cpp
C:\Users\Эмир\Desktop\Курсовая\Белое тестирование\Chess4\Chess.cpp(1115,20): warning C4244: =: преобразование "int" в "float", возможна потеря данных
C:\Users\Эмир\Desktop\Курсовая\Белое тестирование\Chess4\Chess.cpp(1116,20): warning C4244: =: преобразование "int" в "float", возможна потеря данных
C:\Users\Эмир\Desktop\Курсовая\Белое тестирование\Chess4\Chess.cpp(1349,84): warning C4244: аргумент: преобразование "int" в "float", возможна потеря данных
C:\Users\Эмир\Desktop\Курсовая\Белое тестирование\Chess4\Chess.cpp(1349,52): warning C4244: аргумент: преобразование "int" в "float", возможна потеря данных
C:\Users\Эмир\Desktop\Курсовая\Белое тестирование\Chess4\Chess.cpp(1353,84): warning C4244: аргумент: преобразование "int" в "float", возможна потеря данных
C:\Users\Эмир\Desktop\Курсовая\Белое тестирование\Chess4\Chess.cpp(1353,52): warning C4244: аргумент: преобразование "int" в "float", возможна потеря данных
C:\Users\Эмир\Desktop\Курсовая\Белое тестирование\Chess4\Chess.cpp(1365,55): warning C4244: аргумент: преобразование "int" в "float", возможна потеря данных
C:\Users\Эмир\Desktop\Курсовая\Белое тестирование\Chess4\Chess.cpp(1365,35): warning C4244: аргумент: преобразование "int" в "float", возможна потеря данных
C:\Users\Эмир\Desktop\Курсовая\Белое тестирование\Chess4\Chess.cpp(1369,55): warning C4244: аргумент: преобразование "int" в "float", возможна потеря данных
C:\Users\Эмир\Desktop\Курсовая\Белое тестирование\Chess4\Chess.cpp(1369,35): warning C4244: аргумент: преобразование "int" в "float", возможна потеря данных
C:\Users\Эмир\Desktop\Курсовая\Белое тестирование\Chess4\Chess.cpp(1373,55): warning C4244: аргумент: преобразование "int" в "float", возможна потеря данных
C:\Users\Эмир\Desktop\Курсовая\Белое тестирование\Chess4\Chess.cpp(1373,35): warning C4244: аргумент: преобразование "int" в "float", возможна потеря данных
C:\Users\Эмир\Desktop\Курсовая\Белое тестирование\Chess4\Chess.cpp(1378,55): warning C4244: аргумент: преобразование "int" в "float", возможна потеря данных
C:\Users\Эмир\Desktop\Курсовая\Белое тестирование\Chess4\Chess.cpp(1378,35): warning C4244: аргумент: преобразование "int" в "float", возможна потеря данных
C:\Users\Эмир\Desktop\Курсовая\Белое тестирование\Chess4\Chess.cpp(1383,57): warning C4244: аргумент: преобразование "int" в "float", возможна потеря данных
C:\Users\Эмир\Desktop\Курсовая\Белое тестирование\Chess4\Chess.cpp(1383,37): warning C4244: аргумент: преобразование "int" в "float", возможна потеря данных
C:\Users\Эмир\Desktop\Курсовая\Белое тестирование\Chess4\Chess.cpp(1387,57): warning C4244: аргумент: преобразование "int" в "float", возможна потеря данных
C:\Users\Эмир\Desktop\Курсовая\Белое тестирование\Chess4\Chess.cpp(1387,37): warning C4244: аргумент: преобразование "int" в "float", возможна потеря данных
C:\Users\Эмир\Desktop\Курсовая\Белое тестирование\Chess4\Chess.cpp(1391,57): warning C4244: аргумент: преобразование "int" в "float", возможна потеря данных
C:\Users\Эмир\Desktop\Курсовая\Белое тестирование\Chess4\Chess.cpp(1391,37): warning C4244: аргумент: преобразование "int" в "float", возможна потеря данных
C:\Users\Эмир\Desktop\Курсовая\Белое тестирование\Chess4\Chess.cpp(1395,57): warning C4244: аргумент: преобразование "int" в "float", возможна потеря данных
C:\Users\Эмир\Desktop\Курсовая\Белое тестирование\Chess4\Chess.cpp(1395,37): warning C4244: аргумент: преобразование "int" в "float", возможна потеря данных
C:\Users\Эмир\Desktop\Курсовая\Белое тестирование\Chess4\Chess.cpp(1399,56): warning C4244: аргумент: преобразование "int" в "float", возможна потеря данных
C:\Users\Эмир\Desktop\Курсовая\Белое тестирование\Chess4\Chess.cpp(1399,36): warning C4244: аргумент: преобразование "int" в "float", возможна потеря данных
C:\Users\Эмир\Desktop\Курсовая\Белое тестирование\Chess4\Chess.cpp(1403,56): warning C4244: аргумент: преобразование "int" в "float", возможна потеря данных
C:\Users\Эмир\Desktop\Курсовая\Белое тестирование\Chess4\Chess.cpp(1403,36): warning C4244: аргумент: преобразование "int" в "float", возможна потеря данных
C:\Users\Эмир\Desktop\Курсовая\Белое тестирование\Chess4\Chess.cpp(1407,55): warning C4244: аргумент: преобразование "int" в "float", возможна потеря данных
C:\Users\Эмир\Desktop\Курсовая\Белое тестирование\Chess4\Chess.cpp(1407,35): warning C4244: аргумент: преобразование "int" в "float", возможна потеря данных
C:\Users\Эмир\Desktop\Курсовая\Белое тестирование\Chess4\Chess.cpp(1411,55): warning C4244: аргумент: преобразование "int" в "float", возможна потеря данных
C:\Users\Эмир\Desktop\Курсовая\Белое тестирование\Chess4\Chess.cpp(1411,35): warning C4244: аргумент: преобразование "int" в "float", возможна потеря данных
C:\Users\Эмир\Desktop\Курсовая\Белое тестирование\Chess4\Chess.cpp(1677,62): warning C4244: аргумент: преобразование "int" в "float", возможна потеря данных
C:\Users\Эмир\Desktop\Курсовая\Белое тестирование\Chess4\Chess.cpp(1677,42): warning C4244: аргумент: преобразование "int" в "float", возможна потеря данных
C:\Users\Эмир\Desktop\Курсовая\Белое тестирование\Chess4\Chess.cpp(1681,62): warning C4244: аргумент: преобразование "int" в "float", возможна потеря данных
C:\Users\Эмир\Desktop\Курсовая\Белое тестирование\Chess4\Chess.cpp(1681,42): warning C4244: аргумент: преобразование "int" в "float", возможна потеря данных
C:\Users\Эмир\Desktop\Курсовая\Белое тестирование\Chess4\Chess.cpp(1685,55): warning C4244: аргумент: преобразование "int" в "float", возможна потеря данных
C:\Users\Эмир\Desktop\Курсовая\Белое тестирование\Chess4\Chess.cpp(1685,35): warning C4244: аргумент: преобразование "int" в "float", возможна потеря данных
C:\Users\Эмир\Desktop\Курсовая\Белое тестирование\Chess4\Chess.cpp(1689,55): warning C4244: аргумент: преобразование "int" в "float", возможна потеря данных
C:\Users\Эмир\Desktop\Курсовая\Белое тестирование\Chess4\Chess.cpp(1689,35): warning C4244: аргумент: преобразование "int" в "float", возможна потеря данных
C:\Users\Эмир\Desktop\Курсовая\Белое тестирование\Chess4\Chess.cpp(1693,55): warning C4244: аргумент: преобразование "int" в "float", возможна потеря данных
C:\Users\Эмир\Desktop\Курсовая\Белое тестирование\Chess4\Chess.cpp(1693,35): warning C4244: аргумент: преобразование "int" в "float", возможна потеря данных
C:\Users\Эмир\Desktop\Курсовая\Белое тестирование\Chess4\Chess.cpp(1698,55): warning C4244: аргумент: преобразование "int" в "float", возможна потеря данных
C:\Users\Эмир\Desktop\Курсовая\Белое тестирование\Chess4\Chess.cpp(1698,35): warning C4244: аргумент: преобразование "int" в "float", возможна потеря данных
C:\Users\Эмир\Desktop\Курсовая\Белое тестирование\Chess4\Chess.cpp(1703,57): warning C4244: аргумент: преобразование "int" в "float", возможна потеря данных
C:\Users\Эмир\Desktop\Курсовая\Белое тестирование\Chess4\Chess.cpp(1703,37): warning C4244: аргумент: преобразование "int" в "float", возможна потеря данных
C:\Users\Эмир\Desktop\Курсовая\Белое тестирование\Chess4\Chess.cpp(1707,57): warning C4244: аргумент: преобразование "int" в "float", возможна потеря данных
C:\Users\Эмир\Desktop\Курсовая\Белое тестирование\Chess4\Chess.cpp(1707,37): warning C4244: аргумент: преобразование "int" в "float", возможна потеря данных
C:\Users\Эмир\Desktop\Курсовая\Белое тестирование\Chess4\Chess.cpp(1711,57): warning C4244: аргумент: преобразование "int" в "float", возможна потеря данных
C:\Users\Эмир\Desktop\Курсовая\Белое тестирование\Chess4\Chess.cpp(1711,37): warning C4244: аргумент: преобразование "int" в "float", возможна потеря данных
C:\Users\Эмир\Desktop\Курсовая\Белое тестирование\Chess4\Chess.cpp(1715,57): warning C4244: аргумент: преобразование "int" в "float", возможна потеря данных
C:\Users\Эмир\Desktop\Курсовая\Белое тестирование\Chess4\Chess.cpp(1715,37): warning C4244: аргумент: преобразование "int" в "float", возможна потеря данных
C:\Users\Эмир\Desktop\Курсовая\Белое тестирование\Chess4\Chess.cpp(1719,56): warning C4244: аргумент: преобразование "int" в "float", возможна потеря данных
C:\Users\Эмир\Desktop\Курсовая\Белое тестирование\Chess4\Chess.cpp(1719,36): warning C4244: аргумент: преобразование "int" в "float", возможна потеря данных
C:\Users\Эмир\Desktop\Курсовая\Белое тестирование\Chess4\Chess.cpp(1723,56): warning C4244: аргумент: преобразование "int" в "float", возможна потеря данных
C:\Users\Эмир\Desktop\Курсовая\Белое тестирование\Chess4\Chess.cpp(1723,36): warning C4244: аргумент: преобразование "int" в "float", возможна потеря данных
C:\Users\Эмир\Desktop\Курсовая\Белое тестирование\Chess4\Chess.cpp(1727,55): warning C4244: аргумент: преобразование "int" в "float", возможна потеря данных
C:\Users\Эмир\Desktop\Курсовая\Белое тестирование\Chess4\Chess.cpp(1727,35): warning C4244: аргумент: преобразование "int" в "float", возможна потеря данных
C:\Users\Эмир\Desktop\Курсовая\Белое тестирование\Chess4\Chess.cpp(1731,55): warning C4244: аргумент: преобразование "int" в "float", возможна потеря данных
C:\Users\Эмир\Desktop\Курсовая\Белое тестирование\Chess4\Chess.cpp(1731,35): warning C4244: аргумент: преобразование "int" в "float", возможна потеря данных
C:\Users\Эмир\Desktop\Курсовая\Белое тестирование\Chess4\Chess.cpp(1955,21): warning C4244: =: преобразование "int" в "float", возможна потеря данных
C:\Users\Эмир\Desktop\Курсовая\Белое тестирование\Chess4\Chess.cpp(1956,21): warning C4244: =: преобразование "int" в "float", возможна потеря данных
C:\Users\Эмир\Desktop\Курсовая\Белое тестирование\Chess4\Chess.cpp(2221,84): warning C4244: аргумент: преобразование "int" в "float", возможна потеря данных
C:\Users\Эмир\Desktop\Курсовая\Белое тестирование\Chess4\Chess.cpp(2221,52): warning C4244: аргумент: преобразование "int" в "float", возможна потеря данных
C:\Users\Эмир\Desktop\Курсовая\Белое тестирование\Chess4\Chess.cpp(2225,84): warning C4244: аргумент: преобразование "int" в "float", возможна потеря данных
C:\Users\Эмир\Desktop\Курсовая\Белое тестирование\Chess4\Chess.cpp(2225,52): warning C4244: аргумент: преобразование "int" в "float", возможна потеря данных
C:\Users\Эмир\Desktop\Курсовая\Белое тестирование\Chess4\Chess.cpp(2237,55): warning C4244: аргумент: преобразование "int" в "float", возможна потеря данных
C:\Users\Эмир\Desktop\Курсовая\Белое тестирование\Chess4\Chess.cpp(2237,35): warning C4244: аргумент: преобразование "int" в "float", возможна потеря данных
C:\Users\Эмир\Desktop\Курсовая\Белое тестирование\Chess4\Chess.cpp(2241,55): warning C4244: аргумент: преобразование "int" в "float", возможна потеря данных
C:\Users\Эмир\Desktop\Курсовая\Белое тестирование\Chess4\Chess.cpp(2241,35): warning C4244: аргумент: преобразование "int" в "float", возможна потеря данных
C:\Users\Эмир\Desktop\Курсовая\Белое тестирование\Chess4\Chess.cpp(2245,55): warning C4244: аргумент: преобразование "int" в "float", возможна потеря данных
C:\Users\Эмир\Desktop\Курсовая\Белое тестирование\Chess4\Chess.cpp(2245,35): warning C4244: аргумент: преобразование "int" в "float", возможна потеря данных
C:\Users\Эмир\Desktop\Курсовая\Белое тестирование\Chess4\Chess.cpp(2250,55): warning C4244: аргумент: преобразование "int" в "float", возможна потеря данных
C:\Users\Эмир\Desktop\Курсовая\Белое тестирование\Chess4\Chess.cpp(2250,35): warning C4244: аргумент: преобразование "int" в "float", возможна потеря данных
C:\Users\Эмир\Desktop\Курсовая\Белое тестирование\Chess4\Chess.cpp(2255,57): warning C4244: аргумент: преобразование "int" в "float", возможна потеря данных
C:\Users\Эмир\Desktop\Курсовая\Белое тестирование\Chess4\Chess.cpp(2255,37): warning C4244: аргумент: преобразование "int" в "float", возможна потеря данных
C:\Users\Эмир\Desktop\Курсовая\Белое тестирование\Chess4\Chess.cpp(2259,57): warning C4244: аргумент: преобразование "int" в "float", возможна потеря данных
C:\Users\Эмир\Desktop\Курсовая\Белое тестирование\Chess4\Chess.cpp(2259,37): warning C4244: аргумент: преобразование "int" в "float", возможна потеря данных
C:\Users\Эмир\Desktop\Курсовая\Белое тестирование\Chess4\Chess.cpp(2263,57): warning C4244: аргумент: преобразование "int" в "float", возможна потеря данных
C:\Users\Эмир\Desktop\Курсовая\Белое тестирование\Chess4\Chess.cpp(2263,37): warning C4244: аргумент: преобразование "int" в "float", возможна потеря данных
C:\Users\Эмир\Desktop\Курсовая\Белое тестирование\Chess4\Chess.cpp(2267,57): warning C4244: аргумент: преобразование "int" в "float", возможна потеря данных
C:\Users\Эмир\Desktop\Курсовая\Белое тестирование\Chess4\Chess.cpp(2267,37): warning C4244: аргумент: преобразование "int" в "float", возможна потеря данных
C:\Users\Эмир\Desktop\Курсовая\Белое тестирование\Chess4\Chess.cpp(2271,56): warning C4244: аргумент: преобразование "int" в "float", возможна потеря данных
C:\Users\Эмир\Desktop\Курсовая\Белое тестирование\Chess4\Chess.cpp(2271,36): warning C4244: аргумент: преобразование "int" в "float", возможна потеря данных
C:\Users\Эмир\Desktop\Курсовая\Белое тестирование\Chess4\Chess.cpp(2275,56): warning C4244: аргумент: преобразование "int" в "float", возможна потеря данных
C:\Users\Эмир\Desktop\Курсовая\Белое тестирование\Chess4\Chess.cpp(2275,36): warning C4244: аргумент: преобразование "int" в "float", возможна потеря данных
C:\Users\Эмир\Desktop\Курсовая\Белое тестирование\Chess4\Chess.cpp(2279,55): warning C4244: аргумент: преобразование "int" в "float", возможна потеря данных
C:\Users\Эмир\Desktop\Курсовая\Белое тестирование\Chess4\Chess.cpp(2279,35): warning C4244: аргумент: преобразование "int" в "float", возможна потеря данных
C:\Users\Эмир\Desktop\Курсовая\Белое тестирование\Chess4\Chess.cpp(2283,55): warning C4244: аргумент: преобразование "int" в "float", возможна потеря данных
C:\Users\Эмир\Desktop\Курсовая\Белое тестирование\Chess4\Chess.cpp(2283,35): warning C4244: аргумент: преобразование "int" в "float", возможна потеря данных
C:\Users\Эмир\Desktop\Курсовая\Белое тестирование\Chess4\Chess.cpp(1563,6): warning C4101: board_u1: неиспользованная локальная переменная
  main.cpp
  Menu.cpp
C:\Users\Эмир\Desktop\Курсовая\Белое тестирование\Chess4\Menu.cpp(310,32): warning C4244: аргумент: преобразование "float" в "T", возможна потеря данных
          with
          [
              T=int
          ]
C:\Users\Эмир\Desktop\Курсовая\Белое тестирование\Chess4\Menu.cpp(310,25): warning C4244: аргумент: преобразование "float" в "T", возможна потеря данных
          with
          [
              T=int
          ]
C:\Users\Эмир\Desktop\Курсовая\Белое тестирование\Chess4\Menu.cpp(310,20): warning C4244: аргумент: преобразование "float" в "T", возможна потеря данных
          with
          [
              T=int
          ]
C:\Users\Эмир\Desktop\Курсовая\Белое тестирование\Chess4\Menu.cpp(310,15): warning C4244: аргумент: преобразование "float" в "T", возможна потеря данных
          with
          [
              T=int
          ]
C:\Users\Эмир\Desktop\Курсовая\Белое тестирование\Chess4\Menu.cpp(311,34): warning C4244: аргумент: преобразование "float" в "T", возможна потеря данных
          with
          [
              T=int
          ]
C:\Users\Эмир\Desktop\Курсовая\Белое тестирование\Chess4\Menu.cpp(311,27): warning C4244: аргумент: преобразование "float" в "T", возможна потеря данных
          with
          [
              T=int
          ]
C:\Users\Эмир\Desktop\Курсовая\Белое тестирование\Chess4\Menu.cpp(311,22): warning C4244: аргумент: преобразование "float" в "T", возможна потеря данных
          with
          [
              T=int
          ]
C:\Users\Эмир\Desktop\Курсовая\Белое тестирование\Chess4\Menu.cpp(311,15): warning C4244: аргумент: преобразование "float" в "T", возможна потеря данных
          with
          [
              T=int
          ]
C:\Users\Эмир\Desktop\Курсовая\Белое тестирование\Chess4\Menu.cpp(313,34): warning C4244: аргумент: преобразование "float" в "T", возможна потеря данных
          with
          [
              T=int
          ]
C:\Users\Эмир\Desktop\Курсовая\Белое тестирование\Chess4\Menu.cpp(313,27): warning C4244: аргумент: преобразование "float" в "T", возможна потеря данных
          with
          [
              T=int
          ]
C:\Users\Эмир\Desktop\Курсовая\Белое тестирование\Chess4\Menu.cpp(313,21): warning C4244: аргумент: преобразование "float" в "T", возможна потеря данных
          with
          [
              T=int
          ]
C:\Users\Эмир\Desktop\Курсовая\Белое тестирование\Chess4\Menu.cpp(313,15): warning C4244: аргумент: преобразование "float" в "T", возможна потеря данных
          with
          [
              T=int
          ]
C:\Users\Эмир\Desktop\Курсовая\Белое тестирование\Chess4\Menu.cpp(314,35): warning C4244: аргумент: преобразование "float" в "T", возможна потеря данных
          with
          [
              T=int
          ]
C:\Users\Эмир\Desktop\Курсовая\Белое тестирование\Chess4\Menu.cpp(314,28): warning C4244: аргумент: преобразование "float" в "T", возможна потеря данных
          with
          [
              T=int
          ]
C:\Users\Эмир\Desktop\Курсовая\Белое тестирование\Chess4\Menu.cpp(314,21): warning C4244: аргумент: преобразование "float" в "T", возможна потеря данных
          with
          [
              T=int
          ]
C:\Users\Эмир\Desktop\Курсовая\Белое тестирование\Chess4\Menu.cpp(314,15): warning C4244: аргумент: преобразование "float" в "T", возможна потеря данных
          with
          [
              T=int
          ]
C:\Users\Эмир\Desktop\Курсовая\Белое тестирование\Chess4\Menu.cpp(315,35): warning C4244: аргумент: преобразование "float" в "T", возможна потеря данных
          with
          [
              T=int
          ]
C:\Users\Эмир\Desktop\Курсовая\Белое тестирование\Chess4\Menu.cpp(315,28): warning C4244: аргумент: преобразование "float" в "T", возможна потеря данных
          with
          [
              T=int
          ]
C:\Users\Эмир\Desktop\Курсовая\Белое тестирование\Chess4\Menu.cpp(315,21): warning C4244: аргумент: преобразование "float" в "T", возможна потеря данных
          with
          [
              T=int
          ]
C:\Users\Эмир\Desktop\Курсовая\Белое тестирование\Chess4\Menu.cpp(315,15): warning C4244: аргумент: преобразование "float" в "T", возможна потеря данных
          with
          [
              T=int
          ]
C:\Users\Эмир\Desktop\Курсовая\Белое тестирование\Chess4\Menu.cpp(316,35): warning C4244: аргумент: преобразование "float" в "T", возможна потеря данных
          with
          [
              T=int
          ]
C:\Users\Эмир\Desktop\Курсовая\Белое тестирование\Chess4\Menu.cpp(316,28): warning C4244: аргумент: преобразование "float" в "T", возможна потеря данных
          with
          [
              T=int
          ]
C:\Users\Эмир\Desktop\Курсовая\Белое тестирование\Chess4\Menu.cpp(316,21): warning C4244: аргумент: преобразование "float" в "T", возможна потеря данных
          with
          [
              T=int
          ]
C:\Users\Эмир\Desktop\Курсовая\Белое тестирование\Chess4\Menu.cpp(316,15): warning C4244: аргумент: преобразование "float" в "T", возможна потеря данных
          with
          [
              T=int
          ]
C:\Users\Эмир\Desktop\Курсовая\Белое тестирование\Chess4\Menu.cpp(317,35): warning C4244: аргумент: преобразование "float" в "T", возможна потеря данных
          with
          [
              T=int
          ]
C:\Users\Эмир\Desktop\Курсовая\Белое тестирование\Chess4\Menu.cpp(317,28): warning C4244: аргумент: преобразование "float" в "T", возможна потеря данных
          with
          [
              T=int
          ]
C:\Users\Эмир\Desktop\Курсовая\Белое тестирование\Chess4\Menu.cpp(317,21): warning C4244: аргумент: преобразование "float" в "T", возможна потеря данных
          with
          [
              T=int
          ]
C:\Users\Эмир\Desktop\Курсовая\Белое тестирование\Chess4\Menu.cpp(317,15): warning C4244: аргумент: преобразование "float" в "T", возможна потеря данных
          with
          [
              T=int
          ]
C:\Users\Эмир\Desktop\Курсовая\Белое тестирование\Chess4\Menu.cpp(318,35): warning C4244: аргумент: преобразование "float" в "T", возможна потеря данных
          with
          [
              T=int
          ]
C:\Users\Эмир\Desktop\Курсовая\Белое тестирование\Chess4\Menu.cpp(318,28): warning C4244: аргумент: преобразование "float" в "T", возможна потеря данных
          with
          [
              T=int
          ]
C:\Users\Эмир\Desktop\Курсовая\Белое тестирование\Chess4\Menu.cpp(318,21): warning C4244: аргумент: преобразование "float" в "T", возможна потеря данных
          with
          [
              T=int
          ]
C:\Users\Эмир\Desktop\Курсовая\Белое тестирование\Chess4\Menu.cpp(318,15): warning C4244: аргумент: преобразование "float" в "T", возможна потеря данных
          with
          [
              T=int
          ]
C:\Users\Эмир\Desktop\Курсовая\Белое тестирование\Chess4\Menu.cpp(320,35): warning C4244: аргумент: преобразование "float" в "T", возможна потеря данных
          with
          [
              T=int
          ]
C:\Users\Эмир\Desktop\Курсовая\Белое тестирование\Chess4\Menu.cpp(320,28): warning C4244: аргумент: преобразование "float" в "T", возможна потеря данных
          with
          [
              T=int
          ]
C:\Users\Эмир\Desktop\Курсовая\Белое тестирование\Chess4\Menu.cpp(320,21): warning C4244: аргумент: преобразование "float" в "T", возможна потеря данных
          with
          [
              T=int
          ]
C:\Users\Эмир\Desktop\Курсовая\Белое тестирование\Chess4\Menu.cpp(320,15): warning C4244: аргумент: преобразование "float" в "T", возможна потеря данных
          with
          [
              T=int
          ]
C:\Users\Эмир\Desktop\Курсовая\Белое тестирование\Chess4\Menu.cpp(617,51): warning C4244: аргумент: преобразование "float" в "T", возможна потеря данных
          with
          [
              T=int
          ]
C:\Users\Эмир\Desktop\Курсовая\Белое тестирование\Chess4\Menu.cpp(617,26): warning C4244: аргумент: преобразование "float" в "T", возможна потеря данных
          with
          [
              T=int
          ]
C:\Users\Эмир\Desktop\Курсовая\Белое тестирование\Chess4\Menu.cpp(616,62): warning C4244: аргумент: преобразование "float" в "T", возможна потеря данных
          with
          [
              T=int
          ]
C:\Users\Эмир\Desktop\Курсовая\Белое тестирование\Chess4\Menu.cpp(616,37): warning C4244: аргумент: преобразование "float" в "T", возможна потеря данных
          with
          [
              T=int
          ]
C:\Users\Эмир\Desktop\Курсовая\Белое тестирование\Chess4\Menu.cpp(621,51): warning C4244: аргумент: преобразование "float" в "T", возможна потеря данных
          with
          [
              T=int
          ]
C:\Users\Эмир\Desktop\Курсовая\Белое тестирование\Chess4\Menu.cpp(621,26): warning C4244: аргумент: преобразование "float" в "T", возможна потеря данных
          with
          [
              T=int
          ]
C:\Users\Эмир\Desktop\Курсовая\Белое тестирование\Chess4\Menu.cpp(620,62): warning C4244: аргумент: преобразование "float" в "T", возможна потеря данных
          with
          [
              T=int
          ]
C:\Users\Эмир\Desktop\Курсовая\Белое тестирование\Chess4\Menu.cpp(620,37): warning C4244: аргумент: преобразование "float" в "T", возможна потеря данных
          with
          [
              T=int
          ]
  Создание кода...
  Chess4.vcxproj -> C:\Users\Эмир\Desktop\Курсовая\Белое тестирование\Chess4\x64\Debug\Chess4.exe
