  main.cpp
C:\Users\Эмир\Desktop\Programming\Practice\29\c++\main\main.cpp(38,82): warning C4566: символ, представленный универсальным именем символа "\u2500", невозможно представить в текущей кодовой странице (1251)
C:\Users\Эмир\Desktop\Programming\Practice\29\c++\main\main.cpp(39,16): warning C4566: символ, представленный универсальным именем символа "\u250C", невозможно представить в текущей кодовой странице (1251)
C:\Users\Эмир\Desktop\Programming\Practice\29\c++\main\main.cpp(39,16): warning C4566: символ, представленный универсальным именем символа "\u2500", невозможно представить в текущей кодовой странице (1251)
C:\Users\Эмир\Desktop\Programming\Practice\29\c++\main\main.cpp(39,42): warning C4566: символ, представленный универсальным именем символа "\u2500", невозможно представить в текущей кодовой странице (1251)
C:\Users\Эмир\Desktop\Programming\Practice\29\c++\main\main.cpp(39,42): warning C4566: символ, представленный универсальным именем символа "\u252C", невозможно представить в текущей кодовой странице (1251)
C:\Users\Эмир\Desktop\Programming\Practice\29\c++\main\main.cpp(39,42): warning C4566: символ, представленный универсальным именем символа "\u2510", невозможно представить в текущей кодовой странице (1251)
C:\Users\Эмир\Desktop\Programming\Practice\29\c++\main\main.cpp(40,16): warning C4566: символ, представленный универсальным именем символа "\u2502", невозможно представить в текущей кодовой странице (1251)
C:\Users\Эмир\Desktop\Programming\Practice\29\c++\main\main.cpp(41,16): warning C4566: символ, представленный универсальным именем символа "\u2502", невозможно представить в текущей кодовой странице (1251)
C:\Users\Эмир\Desktop\Programming\Practice\29\c++\main\main.cpp(42,16): warning C4566: символ, представленный универсальным именем символа "\u251C", невозможно представить в текущей кодовой странице (1251)
C:\Users\Эмир\Desktop\Programming\Practice\29\c++\main\main.cpp(42,16): warning C4566: символ, представленный универсальным именем символа "\u2500", невозможно представить в текущей кодовой странице (1251)
C:\Users\Эмир\Desktop\Programming\Practice\29\c++\main\main.cpp(42,42): warning C4566: символ, представленный универсальным именем символа "\u2500", невозможно представить в текущей кодовой странице (1251)
C:\Users\Эмир\Desktop\Programming\Practice\29\c++\main\main.cpp(42,42): warning C4566: символ, представленный универсальным именем символа "\u253C", невозможно представить в текущей кодовой странице (1251)
C:\Users\Эмир\Desktop\Programming\Practice\29\c++\main\main.cpp(42,42): warning C4566: символ, представленный универсальным именем символа "\u2524", невозможно представить в текущей кодовой странице (1251)
C:\Users\Эмир\Desktop\Programming\Practice\29\c++\main\main.cpp(43,16): warning C4566: символ, представленный универсальным именем символа "\u2502", невозможно представить в текущей кодовой странице (1251)
C:\Users\Эмир\Desktop\Programming\Practice\29\c++\main\main.cpp(43,44): warning C4566: символ, представленный универсальным именем символа "\u2502", невозможно представить в текущей кодовой странице (1251)
C:\Users\Эмир\Desktop\Programming\Practice\29\c++\main\main.cpp(44,16): warning C4566: символ, представленный универсальным именем символа "\u2502", невозможно представить в текущей кодовой странице (1251)
C:\Users\Эмир\Desktop\Programming\Practice\29\c++\main\main.cpp(45,16): warning C4566: символ, представленный универсальным именем символа "\u2502", невозможно представить в текущей кодовой странице (1251)
C:\Users\Эмир\Desktop\Programming\Practice\29\c++\main\main.cpp(46,16): warning C4566: символ, представленный универсальным именем символа "\u2502", невозможно представить в текущей кодовой странице (1251)
C:\Users\Эмир\Desktop\Programming\Practice\29\c++\main\main.cpp(47,16): warning C4566: символ, представленный универсальным именем символа "\u2502", невозможно представить в текущей кодовой странице (1251)
C:\Users\Эмир\Desktop\Programming\Practice\29\c++\main\main.cpp(48,16): warning C4566: символ, представленный универсальным именем символа "\u2502", невозможно представить в текущей кодовой странице (1251)
C:\Users\Эмир\Desktop\Programming\Practice\29\c++\main\main.cpp(49,16): warning C4566: символ, представленный универсальным именем символа "\u2514", невозможно представить в текущей кодовой странице (1251)
C:\Users\Эмир\Desktop\Programming\Practice\29\c++\main\main.cpp(49,16): warning C4566: символ, представленный универсальным именем символа "\u2500", невозможно представить в текущей кодовой странице (1251)
C:\Users\Эмир\Desktop\Programming\Practice\29\c++\main\main.cpp(49,42): warning C4566: символ, представленный универсальным именем символа "\u2500", невозможно представить в текущей кодовой странице (1251)
C:\Users\Эмир\Desktop\Programming\Practice\29\c++\main\main.cpp(49,42): warning C4566: символ, представленный универсальным именем символа "\u2534", невозможно представить в текущей кодовой странице (1251)
C:\Users\Эмир\Desktop\Programming\Practice\29\c++\main\main.cpp(49,42): warning C4566: символ, представленный универсальным именем символа "\u2518", невозможно представить в текущей кодовой странице (1251)
C:\Users\Эмир\Desktop\Programming\Practice\29\c++\main\main.cpp(73,47): warning C4018: <: несоответствие типов со знаком и без знака
C:\Users\Эмир\Desktop\Programming\Practice\29\c++\main\main.cpp(73,78): warning C4566: символ, представленный универсальным именем символа "\u2500", невозможно представить в текущей кодовой странице (1251)
C:\Users\Эмир\Desktop\Programming\Practice\29\c++\main\main.cpp(74,12): warning C4566: символ, представленный универсальным именем символа "\u250C", невозможно представить в текущей кодовой странице (1251)
C:\Users\Эмир\Desktop\Programming\Practice\29\c++\main\main.cpp(74,12): warning C4566: символ, представленный универсальным именем символа "\u2500", невозможно представить в текущей кодовой странице (1251)
C:\Users\Эмир\Desktop\Programming\Practice\29\c++\main\main.cpp(74,38): warning C4566: символ, представленный универсальным именем символа "\u2500", невозможно представить в текущей кодовой странице (1251)
C:\Users\Эмир\Desktop\Programming\Practice\29\c++\main\main.cpp(74,38): warning C4566: символ, представленный универсальным именем символа "\u252C", невозможно представить в текущей кодовой странице (1251)
C:\Users\Эмир\Desktop\Programming\Practice\29\c++\main\main.cpp(74,38): warning C4566: символ, представленный универсальным именем символа "\u2510", невозможно представить в текущей кодовой странице (1251)
C:\Users\Эмир\Desktop\Programming\Practice\29\c++\main\main.cpp(75,12): warning C4566: символ, представленный универсальным именем символа "\u2502", невозможно представить в текущей кодовой странице (1251)
C:\Users\Эмир\Desktop\Programming\Practice\29\c++\main\main.cpp(76,12): warning C4566: символ, представленный универсальным именем символа "\u2502", невозможно представить в текущей кодовой странице (1251)
C:\Users\Эмир\Desktop\Programming\Practice\29\c++\main\main.cpp(77,12): warning C4566: символ, представленный универсальным именем символа "\u251C", невозможно представить в текущей кодовой странице (1251)
C:\Users\Эмир\Desktop\Programming\Practice\29\c++\main\main.cpp(77,12): warning C4566: символ, представленный универсальным именем символа "\u2500", невозможно представить в текущей кодовой странице (1251)
C:\Users\Эмир\Desktop\Programming\Practice\29\c++\main\main.cpp(77,38): warning C4566: символ, представленный универсальным именем символа "\u2500", невозможно представить в текущей кодовой странице (1251)
C:\Users\Эмир\Desktop\Programming\Practice\29\c++\main\main.cpp(77,38): warning C4566: символ, представленный универсальным именем символа "\u253C", невозможно представить в текущей кодовой странице (1251)
C:\Users\Эмир\Desktop\Programming\Practice\29\c++\main\main.cpp(77,38): warning C4566: символ, представленный универсальным именем символа "\u2524", невозможно представить в текущей кодовой странице (1251)
C:\Users\Эмир\Desktop\Programming\Practice\29\c++\main\main.cpp(80,16): warning C4566: символ, представленный универсальным именем символа "\u2502", невозможно представить в текущей кодовой странице (1251)
C:\Users\Эмир\Desktop\Programming\Practice\29\c++\main\main.cpp(82,16): warning C4566: символ, представленный универсальным именем символа "\u2502", невозможно представить в текущей кодовой странице (1251)
C:\Users\Эмир\Desktop\Programming\Practice\29\c++\main\main.cpp(83,16): warning C4566: символ, представленный универсальным именем символа "\u2502", невозможно представить в текущей кодовой странице (1251)
C:\Users\Эмир\Desktop\Programming\Practice\29\c++\main\main.cpp(84,16): warning C4566: символ, представленный универсальным именем символа "\u2502", невозможно представить в текущей кодовой странице (1251)
C:\Users\Эмир\Desktop\Programming\Practice\29\c++\main\main.cpp(85,16): warning C4566: символ, представленный универсальным именем символа "\u2502", невозможно представить в текущей кодовой странице (1251)
C:\Users\Эмир\Desktop\Programming\Practice\29\c++\main\main.cpp(86,16): warning C4566: символ, представленный универсальным именем символа "\u2502", невозможно представить в текущей кодовой странице (1251)
C:\Users\Эмир\Desktop\Programming\Practice\29\c++\main\main.cpp(87,16): warning C4566: символ, представленный универсальным именем символа "\u2502", невозможно представить в текущей кодовой странице (1251)
C:\Users\Эмир\Desktop\Programming\Practice\29\c++\main\main.cpp(88,16): warning C4566: символ, представленный универсальным именем символа "\u251C", невозможно представить в текущей кодовой странице (1251)
C:\Users\Эмир\Desktop\Programming\Practice\29\c++\main\main.cpp(88,16): warning C4566: символ, представленный универсальным именем символа "\u2500", невозможно представить в текущей кодовой странице (1251)
C:\Users\Эмир\Desktop\Programming\Practice\29\c++\main\main.cpp(88,42): warning C4566: символ, представленный универсальным именем символа "\u2500", невозможно представить в текущей кодовой странице (1251)
C:\Users\Эмир\Desktop\Programming\Practice\29\c++\main\main.cpp(88,42): warning C4566: символ, представленный универсальным именем символа "\u253C", невозможно представить в текущей кодовой странице (1251)
C:\Users\Эмир\Desktop\Programming\Practice\29\c++\main\main.cpp(88,42): warning C4566: символ, представленный универсальным именем символа "\u2524", невозможно представить в текущей кодовой странице (1251)
C:\Users\Эмир\Desktop\Programming\Practice\29\c++\main\main.cpp(90,20): warning C4566: символ, представленный универсальным именем символа "\u2514", невозможно представить в текущей кодовой странице (1251)
C:\Users\Эмир\Desktop\Programming\Practice\29\c++\main\main.cpp(90,20): warning C4566: символ, представленный универсальным именем символа "\u2500", невозможно представить в текущей кодовой странице (1251)
C:\Users\Эмир\Desktop\Programming\Practice\29\c++\main\main.cpp(90,46): warning C4566: символ, представленный универсальным именем символа "\u2500", невозможно представить в текущей кодовой странице (1251)
C:\Users\Эмир\Desktop\Programming\Practice\29\c++\main\main.cpp(90,46): warning C4566: символ, представленный универсальным именем символа "\u2534", невозможно представить в текущей кодовой странице (1251)
C:\Users\Эмир\Desktop\Programming\Practice\29\c++\main\main.cpp(90,46): warning C4566: символ, представленный универсальным именем символа "\u2518", невозможно представить в текущей кодовой странице (1251)
C:\Users\Эмир\Desktop\Programming\Practice\29\c++\main\main.cpp(96,25): warning C4244: аргумент: преобразование "time_t" в "unsigned int", возможна потеря данных
  main.vcxproj -> C:\Users\Эмир\Desktop\Programming\Practice\29\c++\Debug\main.exe
